<?xml version="1.0" encoding="UTF-8"?>
<robot generator="Robot 4.1.1 (Python 3.9.7 on win32)" generated="20211029 16:56:07.751" rpa="false" schemaversion="2">
<suite id="s1" name="Areausuario" source="C:\Projetos\RobotFlora\areausuario">
<suite id="s1-s1" name="FluxoCadastro" source="C:\Projetos\RobotFlora\areausuario\FluxoCadastro.robot">
<test id="s1-s1-t1" name="Page_3 - Fluxo de cadastro | Caso de teste 01: Assinatura simples">
<kw name="Abrir navegador" library="ResourceFluxoCadastro" type="SETUP">
<kw name="Open Browser" library="SeleniumLibrary">
<arg>${URL}</arg>
<arg>${BROWSER}</arg>
<doc>Opens a new browser instance to the optional ``url``.</doc>
<msg timestamp="20211029 16:56:08.360" level="INFO">Opening browser 'chrome' to base url 'https://staging.floraenergia.com.br/'.</msg>
<status status="PASS" starttime="20211029 16:56:08.359" endtime="20211029 16:56:14.479"/>
</kw>
<kw name="Maximize Browser Window" library="SeleniumLibrary">
<doc>Maximizes current browser window.</doc>
<status status="PASS" starttime="20211029 16:56:14.479" endtime="20211029 16:56:14.624"/>
</kw>
<status status="PASS" starttime="20211029 16:56:08.359" endtime="20211029 16:56:14.624"/>
</kw>
<kw name="Dado que estou na pagina home" library="ResourceFluxoCadastro">
<kw name="Go To" library="SeleniumLibrary">
<arg>${URL}</arg>
<doc>Navigates the current browser window to the provided ``url``.</doc>
<msg timestamp="20211029 16:56:14.628" level="INFO">Opening url 'https://staging.floraenergia.com.br/'</msg>
<status status="PASS" starttime="20211029 16:56:14.627" endtime="20211029 16:56:18.198"/>
</kw>
<kw name="Title Should Be" library="SeleniumLibrary">
<arg>${VALIDAR_PAGINA}</arg>
<doc>Verifies that the current page title equals ``title``.</doc>
<msg timestamp="20211029 16:56:18.202" level="INFO">Page title is 'Flora Energia'.</msg>
<status status="PASS" starttime="20211029 16:56:18.199" endtime="20211029 16:56:18.202"/>
</kw>
<status status="PASS" starttime="20211029 16:56:14.626" endtime="20211029 16:56:18.202"/>
</kw>
<kw name="E clicar no botão Cadastre-se" library="ResourceFluxoCadastro">
<kw name="Click Element" library="SeleniumLibrary">
<arg>xPath=//*[@id="cadastro_lp"]</arg>
<doc>Click the element identified by ``locator``.</doc>
<msg timestamp="20211029 16:56:18.204" level="INFO">Clicking element 'xPath=//*[@id="cadastro_lp"]'.</msg>
<status status="PASS" starttime="20211029 16:56:18.203" endtime="20211029 16:56:20.226"/>
</kw>
<status status="PASS" starttime="20211029 16:56:18.203" endtime="20211029 16:56:20.227"/>
</kw>
<kw name="E preencher &quot;Qualidade Qualidade&quot; no campo nome" library="ResourceFluxoCadastro" sourcename="E preencher &quot;${NOME_FAKER}&quot; no campo nome">
<kw name="Wait Until Element Is Visible" library="SeleniumLibrary">
<arg>name=name</arg>
<doc>Waits until the element ``locator`` is visible.</doc>
<status status="PASS" starttime="20211029 16:56:20.229" endtime="20211029 16:56:20.283"/>
</kw>
<kw name="Name" library="FakerLibrary">
<var>${NOME_FAKER}</var>
<doc>:example 'John Doe'</doc>
<msg timestamp="20211029 16:56:20.285" level="INFO">${NOME_FAKER} = Richard Gonzales</msg>
<status status="PASS" starttime="20211029 16:56:20.284" endtime="20211029 16:56:20.285"/>
</kw>
<kw name="Input Text" library="SeleniumLibrary">
<arg>name=name</arg>
<arg>${NOME_FAKER}</arg>
<doc>Types the given ``text`` into the text field identified by ``locator``.</doc>
<msg timestamp="20211029 16:56:20.285" level="INFO">Typing text 'Richard Gonzales' into text field 'name=name'.</msg>
<status status="PASS" starttime="20211029 16:56:20.285" endtime="20211029 16:56:20.514"/>
</kw>
<status status="PASS" starttime="20211029 16:56:20.228" endtime="20211029 16:56:20.514"/>
</kw>
<kw name="E preencher &quot;eder55.estevan@floraenergia.com.br&quot; no campo e-mail" library="ResourceFluxoCadastro" sourcename="E preencher &quot;${EMAIL_FAKER}&quot; no campo e-mail">
<kw name="Wait Until Element Is Visible" library="SeleniumLibrary">
<arg>name=email</arg>
<doc>Waits until the element ``locator`` is visible.</doc>
<status status="PASS" starttime="20211029 16:56:20.516" endtime="20211029 16:56:20.565"/>
</kw>
<kw name="Email" library="FakerLibrary">
<var>${EMAIL_FAKER}</var>
<msg timestamp="20211029 16:56:20.566" level="INFO">${EMAIL_FAKER} = johnstonnancy@example.net</msg>
<status status="PASS" starttime="20211029 16:56:20.566" endtime="20211029 16:56:20.567"/>
</kw>
<kw name="Input Text" library="SeleniumLibrary">
<arg>name=email</arg>
<arg>${EMAIL_FAKER}</arg>
<doc>Types the given ``text`` into the text field identified by ``locator``.</doc>
<msg timestamp="20211029 16:56:20.567" level="INFO">Typing text 'johnstonnancy@example.net' into text field 'name=email'.</msg>
<status status="PASS" starttime="20211029 16:56:20.567" endtime="20211029 16:56:20.836"/>
</kw>
<status status="PASS" starttime="20211029 16:56:20.515" endtime="20211029 16:56:20.837"/>
</kw>
<kw name="E preencher &quot;11111111111&quot; no campo celular" library="ResourceFluxoCadastro" sourcename="E preencher &quot;${CELULAR_FAKER}&quot; no campo celular">
<kw name="Wait Until Element Is Visible" library="SeleniumLibrary">
<arg>name=phone_number</arg>
<doc>Waits until the element ``locator`` is visible.</doc>
<status status="PASS" starttime="20211029 16:56:20.839" endtime="20211029 16:56:20.872"/>
</kw>
<kw name="Input Text" library="SeleniumLibrary">
<arg>name=phone_number</arg>
<arg>${CELULAR_FAKER}</arg>
<doc>Types the given ``text`` into the text field identified by ``locator``.</doc>
<msg timestamp="20211029 16:56:20.873" level="INFO">Typing text '11111111111' into text field 'name=phone_number'.</msg>
<status status="PASS" starttime="20211029 16:56:20.872" endtime="20211029 16:56:21.028"/>
</kw>
<status status="PASS" starttime="20211029 16:56:20.838" endtime="20211029 16:56:21.028"/>
</kw>
<kw name="E preencher &quot;SP&quot; no campo uf" library="ResourceFluxoCadastro" sourcename="E preencher &quot;${UF}&quot; no campo uf">
<kw name="Click Element" library="SeleniumLibrary">
<arg>css:input[role=combobox]</arg>
<doc>Click the element identified by ``locator``.</doc>
<msg timestamp="20211029 16:56:21.030" level="INFO">Clicking element 'css:input[role=combobox]'.</msg>
<status status="PASS" starttime="20211029 16:56:21.029" endtime="20211029 16:56:21.144"/>
</kw>
<kw name="Input Text" library="SeleniumLibrary">
<arg>css:input[role=combobox]</arg>
<arg>${UF}</arg>
<doc>Types the given ``text`` into the text field identified by ``locator``.</doc>
<msg timestamp="20211029 16:56:21.144" level="INFO">Typing text 'SP' into text field 'css:input[role=combobox]'.</msg>
<status status="PASS" starttime="20211029 16:56:21.144" endtime="20211029 16:56:21.231"/>
</kw>
<status status="PASS" starttime="20211029 16:56:21.029" endtime="20211029 16:56:21.232"/>
</kw>
<kw name="E preencher &quot;São Carlos&quot; no campo cidade" library="ResourceFluxoCadastro" sourcename="E preencher &quot;${CIDADE_FAKER}&quot; no campo cidade">
<kw name="Click Element" library="SeleniumLibrary">
<arg>xPath=//*[@id="root"]/div[1]/div/div[4]/div[1]/div[2]/div[5]/div[2]/input</arg>
<doc>Click the element identified by ``locator``.</doc>
<msg timestamp="20211029 16:56:21.234" level="INFO">Clicking element 'xPath=//*[@id="root"]/div[1]/div/div[4]/div[1]/div[2]/div[5]/div[2]/input'.</msg>
<status status="PASS" starttime="20211029 16:56:21.233" endtime="20211029 16:56:21.311"/>
</kw>
<kw name="Input Text" library="SeleniumLibrary">
<arg>xPath=//*[@id="root"]/div[1]/div/div[4]/div[1]/div[2]/div[5]/div[2]/input</arg>
<arg>${CIDADE_FAKER}</arg>
<doc>Types the given ``text`` into the text field identified by ``locator``.</doc>
<msg timestamp="20211029 16:56:21.312" level="INFO">Typing text 'São Carlos' into text field 'xPath=//*[@id="root"]/div[1]/div/div[4]/div[1]/div[2]/div[5]/div[2]/input'.</msg>
<status status="PASS" starttime="20211029 16:56:21.312" endtime="20211029 16:56:21.519"/>
</kw>
<status status="PASS" starttime="20211029 16:56:21.232" endtime="20211029 16:56:21.519"/>
</kw>
<kw name="E preencher &quot;1000&quot; no campo Conta de luz" library="ResourceFluxoCadastro" sourcename="E preencher &quot;${VALOR_LUZ}&quot; no campo Conta de luz">
<kw name="Input Text" library="SeleniumLibrary">
<arg>name=estimated_electric_bill</arg>
<arg>${VALOR_LUZ}</arg>
<doc>Types the given ``text`` into the text field identified by ``locator``.</doc>
<msg timestamp="20211029 16:56:21.520" level="INFO">Typing text '1000' into text field 'name=estimated_electric_bill'.</msg>
<status status="PASS" starttime="20211029 16:56:21.520" endtime="20211029 16:56:21.751"/>
</kw>
<status status="PASS" starttime="20211029 16:56:21.519" endtime="20211029 16:56:21.751"/>
</kw>
<kw name="E clicar no botão &quot;Avançar&quot; no fluxo de cadastro" library="ResourceFluxoCadastro">
<kw name="Quando eu clicar no botão &quot;Avançar&quot; no fluxo de cadastro" library="ResourceFluxoCadastro">
<kw name="Click Element" library="SeleniumLibrary">
<arg>css:button.mt-2.btn-register.btn.btn-primary</arg>
<doc>Click the element identified by ``locator``.</doc>
<msg timestamp="20211029 16:56:21.753" level="INFO">Clicking element 'css:button.mt-2.btn-register.btn.btn-primary'.</msg>
<status status="PASS" starttime="20211029 16:56:21.753" endtime="20211029 16:56:21.902"/>
</kw>
<status status="PASS" starttime="20211029 16:56:21.752" endtime="20211029 16:56:21.903"/>
</kw>
<status status="PASS" starttime="20211029 16:56:21.752" endtime="20211029 16:56:21.903"/>
</kw>
<kw name="E seguir com o fluxo de cadastro e validar tela de &quot;Proposta&quot;" library="ResourceFluxoCadastro">
<kw name="Então seguir com o fluxo de cadastro e validar tela de &quot;Proposta&quot;" library="ResourceFluxoCadastro">
<kw name="Wait Until Element Is Visible" library="SeleniumLibrary">
<arg>Xpath=//*[@id="root"]/div[1]/div/div[4]/div[1]/div[1]/div[2]/div</arg>
<arg>10</arg>
<doc>Waits until the element ``locator`` is visible.</doc>
<status status="PASS" starttime="20211029 16:56:21.904" endtime="20211029 16:56:23.328"/>
</kw>
<kw name="Page Should Contain Element" library="SeleniumLibrary">
<arg>Xpath=//*[@id="root"]/div[1]/div/div[4]/div[1]/div[1]/div[2]/div</arg>
<doc>Verifies that element ``locator`` is found on the current page.</doc>
<msg timestamp="20211029 16:56:23.333" level="INFO">Current page contains element 'Xpath=//*[@id="root"]/div[1]/div/div[4]/div[1]/div[1]/div[2]/div'.</msg>
<status status="PASS" starttime="20211029 16:56:23.328" endtime="20211029 16:56:23.333"/>
</kw>
<kw name="Capture Page Screenshot" library="SeleniumLibrary">
<doc>Takes a screenshot of the current page and embeds it into a log file.</doc>
<msg timestamp="20211029 16:56:23.584" level="INFO" html="true">&lt;/td&gt;&lt;/tr&gt;&lt;tr&gt;&lt;td colspan="3"&gt;&lt;a href="selenium-screenshot-25.png"&gt;&lt;img src="selenium-screenshot-25.png" width="800px"&gt;&lt;/a&gt;</msg>
<status status="PASS" starttime="20211029 16:56:23.333" endtime="20211029 16:56:23.584"/>
</kw>
<status status="PASS" starttime="20211029 16:56:21.904" endtime="20211029 16:56:23.584"/>
</kw>
<status status="PASS" starttime="20211029 16:56:21.903" endtime="20211029 16:56:23.585"/>
</kw>
<kw name="E clicar no botão &quot;Avançar&quot; proposta" library="ResourceFluxoCadastro">
<kw name="Quando eu clicar no botão &quot;Avançar&quot; proposta" library="ResourceFluxoCadastro">
<kw name="Wait Until Element Is Visible" library="SeleniumLibrary">
<arg>Xpath=//*[@id="root"]/div[1]/div/div[4]/div[2]/button</arg>
<arg>10</arg>
<doc>Waits until the element ``locator`` is visible.</doc>
<status status="PASS" starttime="20211029 16:56:23.586" endtime="20211029 16:56:23.605"/>
</kw>
<kw name="Page Should Contain Element" library="SeleniumLibrary">
<arg>Xpath=//*[@id="root"]/div[1]/div/div[4]/div[2]/button</arg>
<doc>Verifies that element ``locator`` is found on the current page.</doc>
<msg timestamp="20211029 16:56:23.615" level="INFO">Current page contains element 'Xpath=//*[@id="root"]/div[1]/div/div[4]/div[2]/button'.</msg>
<status status="PASS" starttime="20211029 16:56:23.605" endtime="20211029 16:56:23.615"/>
</kw>
<kw name="Click Element" library="SeleniumLibrary">
<arg>Xpath=//*[@id="root"]/div[1]/div/div[4]/div[2]/button</arg>
<doc>Click the element identified by ``locator``.</doc>
<msg timestamp="20211029 16:56:23.616" level="INFO">Clicking element 'Xpath=//*[@id="root"]/div[1]/div/div[4]/div[2]/button'.</msg>
<status status="PASS" starttime="20211029 16:56:23.616" endtime="20211029 16:56:23.708"/>
</kw>
<status status="PASS" starttime="20211029 16:56:23.585" endtime="20211029 16:56:23.709"/>
</kw>
<status status="PASS" starttime="20211029 16:56:23.585" endtime="20211029 16:56:23.710"/>
</kw>
<kw name="E seguir com o fluxo de cadastro e validar tela de &quot;assinatura&quot;" library="ResourceFluxoCadastro">
<kw name="Então seguir com o fluxo de cadastro e validar tela de &quot;assinatura&quot;" library="ResourceFluxoCadastro">
<kw name="Wait Until Element Is Visible" library="SeleniumLibrary">
<arg>Xpath=//*[@id="root"]/div[1]/div/div[4]/div[1]/div[1]/div[3]/div</arg>
<arg>10</arg>
<doc>Waits until the element ``locator`` is visible.</doc>
<status status="PASS" starttime="20211029 16:56:23.713" endtime="20211029 16:56:24.596"/>
</kw>
<kw name="Page Should Contain Element" library="SeleniumLibrary">
<arg>xPath=//*[@id="root"]/div[1]/div/div[4]/div[1]/div[1]/div[3]/div</arg>
<doc>Verifies that element ``locator`` is found on the current page.</doc>
<msg timestamp="20211029 16:56:24.601" level="INFO">Current page contains element 'xPath=//*[@id="root"]/div[1]/div/div[4]/div[1]/div[1]/div[3]/div'.</msg>
<status status="PASS" starttime="20211029 16:56:24.596" endtime="20211029 16:56:24.601"/>
</kw>
<kw name="Capture Page Screenshot" library="SeleniumLibrary">
<doc>Takes a screenshot of the current page and embeds it into a log file.</doc>
<msg timestamp="20211029 16:56:24.817" level="INFO" html="true">&lt;/td&gt;&lt;/tr&gt;&lt;tr&gt;&lt;td colspan="3"&gt;&lt;a href="selenium-screenshot-26.png"&gt;&lt;img src="selenium-screenshot-26.png" width="800px"&gt;&lt;/a&gt;</msg>
<status status="PASS" starttime="20211029 16:56:24.601" endtime="20211029 16:56:24.817"/>
</kw>
<status status="PASS" starttime="20211029 16:56:23.712" endtime="20211029 16:56:24.817"/>
</kw>
<status status="PASS" starttime="20211029 16:56:23.712" endtime="20211029 16:56:24.817"/>
</kw>
<kw name="E preencher &quot;13088-364&quot; no campo Cep" library="ResourceFluxoCadastro" sourcename="E preencher &quot;${CEP}&quot; no campo Cep">
<kw name="Wait Until Element Is Visible" library="SeleniumLibrary">
<arg>Xpath=//*[@id="root"]/div[1]/div/div[4]/div[1]/div[4]/div/div/div/span</arg>
<arg>10</arg>
<doc>Waits until the element ``locator`` is visible.</doc>
<status status="PASS" starttime="20211029 16:56:24.818" endtime="20211029 16:56:24.845"/>
</kw>
<kw name="Click Element" library="SeleniumLibrary">
<arg>css:input[name="postal_code"]</arg>
<doc>Click the element identified by ``locator``.</doc>
<msg timestamp="20211029 16:56:24.846" level="INFO">Clicking element 'css:input[name="postal_code"]'.</msg>
<status status="PASS" starttime="20211029 16:56:24.845" endtime="20211029 16:56:24.912"/>
</kw>
<kw name="Input Text" library="SeleniumLibrary">
<arg>css:input[name="postal_code"]</arg>
<arg>${CEP}</arg>
<doc>Types the given ``text`` into the text field identified by ``locator``.</doc>
<msg timestamp="20211029 16:56:24.913" level="INFO">Typing text '13088-364' into text field 'css:input[name="postal_code"]'.</msg>
<status status="PASS" starttime="20211029 16:56:24.913" endtime="20211029 16:56:25.062"/>
</kw>
<status status="PASS" starttime="20211029 16:56:24.818" endtime="20211029 16:56:25.062"/>
</kw>
<kw name="E validar endereço &quot;Rua Manoella Candida de Paula&quot;" library="ResourceFluxoCadastro" sourcename="E validar endereço &quot;${ENDERECO}&quot;">
<kw name="Wait Until Element Is Visible" library="SeleniumLibrary">
<arg>Xpath=//*[@id="root"]/div[1]/div/div[4]/div[1]/div[4]/div/div[2]/div[1]/div[1]/span</arg>
<doc>Waits until the element ``locator`` is visible.</doc>
<status status="PASS" starttime="20211029 16:56:25.064" endtime="20211029 16:56:25.519"/>
</kw>
<kw name="Textfield Should Contain" library="SeleniumLibrary">
<arg>css:input.form-control[name="street"]</arg>
<arg>${ENDERECO}</arg>
<doc>Verifies text field ``locator`` contains text ``expected``.</doc>
<msg timestamp="20211029 16:56:25.571" level="INFO">Text field 'css:input.form-control[name="street"]' contains text 'Rua Manoella Candida de Paula'.</msg>
<status status="PASS" starttime="20211029 16:56:25.519" endtime="20211029 16:56:25.571"/>
</kw>
<kw name="Capture Page Screenshot" library="SeleniumLibrary">
<doc>Takes a screenshot of the current page and embeds it into a log file.</doc>
<msg timestamp="20211029 16:56:25.810" level="INFO" html="true">&lt;/td&gt;&lt;/tr&gt;&lt;tr&gt;&lt;td colspan="3"&gt;&lt;a href="selenium-screenshot-27.png"&gt;&lt;img src="selenium-screenshot-27.png" width="800px"&gt;&lt;/a&gt;</msg>
<status status="PASS" starttime="20211029 16:56:25.571" endtime="20211029 16:56:25.811"/>
</kw>
<status status="PASS" starttime="20211029 16:56:25.064" endtime="20211029 16:56:25.811"/>
</kw>
<kw name="E preencher &quot;100&quot; no campo número" library="ResourceFluxoCadastro" sourcename="E preencher &quot;${NUMERO_END}&quot; no campo número">
<kw name="Wait Until Element Is Visible" library="SeleniumLibrary">
<arg>Xpath=//*[@id="root"]/div[1]/div/div[4]/div[1]/div[4]/div/div[2]/div[1]/div[2]/span</arg>
<doc>Waits until the element ``locator`` is visible.</doc>
<status status="PASS" starttime="20211029 16:56:25.811" endtime="20211029 16:56:25.855"/>
</kw>
<kw name="Click Element" library="SeleniumLibrary">
<arg>css:input.form-control[name="number"]</arg>
<doc>Click the element identified by ``locator``.</doc>
<msg timestamp="20211029 16:56:25.856" level="INFO">Clicking element 'css:input.form-control[name="number"]'.</msg>
<status status="PASS" starttime="20211029 16:56:25.855" endtime="20211029 16:56:25.946"/>
</kw>
<kw name="Input Text" library="SeleniumLibrary">
<arg>css:input.form-control[name="number"]</arg>
<arg>${NUMERO_END}</arg>
<doc>Types the given ``text`` into the text field identified by ``locator``.</doc>
<msg timestamp="20211029 16:56:25.947" level="INFO">Typing text '100' into text field 'css:input.form-control[name="number"]'.</msg>
<status status="PASS" starttime="20211029 16:56:25.946" endtime="20211029 16:56:26.064"/>
</kw>
<status status="PASS" starttime="20211029 16:56:25.811" endtime="20211029 16:56:26.064"/>
</kw>
<kw name="E preencher &quot;Barraco 2&quot; no campo complemento" library="ResourceFluxoCadastro" sourcename="E preencher &quot;${COMPLEMENTO}&quot; no campo complemento">
<kw name="Wait Until Element Is Visible" library="SeleniumLibrary">
<arg>Xpath=//*[@id="root"]/div[1]/div/div[4]/div[1]/div[4]/div/div[2]/div[2]/div[1]/span</arg>
<doc>Waits until the element ``locator`` is visible.</doc>
<status status="PASS" starttime="20211029 16:56:26.066" endtime="20211029 16:56:26.112"/>
</kw>
<kw name="Click Element" library="SeleniumLibrary">
<arg>css:input.form-control[name="complement"]</arg>
<doc>Click the element identified by ``locator``.</doc>
<msg timestamp="20211029 16:56:26.112" level="INFO">Clicking element 'css:input.form-control[name="complement"]'.</msg>
<status status="PASS" starttime="20211029 16:56:26.112" endtime="20211029 16:56:26.181"/>
</kw>
<kw name="Input Text" library="SeleniumLibrary">
<arg>css:input.form-control[name="complement"]</arg>
<arg>${COMPLEMENTO}</arg>
<doc>Types the given ``text`` into the text field identified by ``locator``.</doc>
<msg timestamp="20211029 16:56:26.182" level="INFO">Typing text 'Barraco 2' into text field 'css:input.form-control[name="complement"]'.</msg>
<status status="PASS" starttime="20211029 16:56:26.181" endtime="20211029 16:56:26.314"/>
</kw>
<status status="PASS" starttime="20211029 16:56:26.065" endtime="20211029 16:56:26.314"/>
</kw>
<kw name="E validar o bairro &quot;Núcleo Residencial Getúlio Vargas&quot;" library="ResourceFluxoCadastro" sourcename="E validar o bairro &quot;${BAIRRO}&quot;">
<kw name="Wait Until Element Is Visible" library="SeleniumLibrary">
<arg>Xpath=//*[@id="root"]/div[1]/div/div[4]/div[1]/div[4]/div/div[2]/div[3]/div[2]/span</arg>
<doc>Waits until the element ``locator`` is visible.</doc>
<status status="PASS" starttime="20211029 16:56:26.315" endtime="20211029 16:56:26.351"/>
</kw>
<kw name="Textfield Should Contain" library="SeleniumLibrary">
<arg>css:input.form-control[name="neighborhood"]</arg>
<arg>${BAIRRO}</arg>
<doc>Verifies text field ``locator`` contains text ``expected``.</doc>
<msg timestamp="20211029 16:56:26.395" level="INFO">Text field 'css:input.form-control[name="neighborhood"]' contains text 'Núcleo Residencial Getúlio Vargas'.</msg>
<status status="PASS" starttime="20211029 16:56:26.351" endtime="20211029 16:56:26.395"/>
</kw>
<kw name="Capture Page Screenshot" library="SeleniumLibrary">
<doc>Takes a screenshot of the current page and embeds it into a log file.</doc>
<msg timestamp="20211029 16:56:26.626" level="INFO" html="true">&lt;/td&gt;&lt;/tr&gt;&lt;tr&gt;&lt;td colspan="3"&gt;&lt;a href="selenium-screenshot-28.png"&gt;&lt;img src="selenium-screenshot-28.png" width="800px"&gt;&lt;/a&gt;</msg>
<status status="PASS" starttime="20211029 16:56:26.396" endtime="20211029 16:56:26.626"/>
</kw>
<status status="PASS" starttime="20211029 16:56:26.315" endtime="20211029 16:56:26.626"/>
</kw>
<kw name="E validar o nome da cidade &quot;Campinas&quot;" library="ResourceFluxoCadastro" sourcename="E validar o nome da cidade &quot;${CIDADE}&quot;">
<kw name="Wait Until Element Is Visible" library="SeleniumLibrary">
<arg>Xpath=//*[@id="root"]/div[1]/div/div[4]/div[1]/div[4]/div/div[2]/div[3]/div[1]/span</arg>
<doc>Waits until the element ``locator`` is visible.</doc>
<status status="PASS" starttime="20211029 16:56:26.627" endtime="20211029 16:56:26.658"/>
</kw>
<kw name="Textfield Should Contain" library="SeleniumLibrary">
<arg>css:input.form-control[name="city"]</arg>
<arg>${CIDADE}</arg>
<doc>Verifies text field ``locator`` contains text ``expected``.</doc>
<msg timestamp="20211029 16:56:26.730" level="INFO">Text field 'css:input.form-control[name="city"]' contains text 'Campinas'.</msg>
<status status="PASS" starttime="20211029 16:56:26.658" endtime="20211029 16:56:26.730"/>
</kw>
<kw name="Capture Page Screenshot" library="SeleniumLibrary">
<doc>Takes a screenshot of the current page and embeds it into a log file.</doc>
<msg timestamp="20211029 16:56:26.992" level="INFO" html="true">&lt;/td&gt;&lt;/tr&gt;&lt;tr&gt;&lt;td colspan="3"&gt;&lt;a href="selenium-screenshot-29.png"&gt;&lt;img src="selenium-screenshot-29.png" width="800px"&gt;&lt;/a&gt;</msg>
<status status="PASS" starttime="20211029 16:56:26.730" endtime="20211029 16:56:26.992"/>
</kw>
<status status="PASS" starttime="20211029 16:56:26.627" endtime="20211029 16:56:26.992"/>
</kw>
<kw name="E validar o nome do estado &quot;São Paulo&quot;" library="ResourceFluxoCadastro" sourcename="E validar o nome do estado &quot;${ESTADO}&quot;">
<kw name="Wait Until Element Is Visible" library="SeleniumLibrary">
<arg>Xpath=//*[@id="root"]/div[1]/div/div[4]/div[1]/div[4]/div/div[2]/div[3]/div[2]/span</arg>
<doc>Waits until the element ``locator`` is visible.</doc>
<status status="PASS" starttime="20211029 16:56:26.994" endtime="20211029 16:56:27.016"/>
</kw>
<kw name="Capture Page Screenshot" library="SeleniumLibrary">
<doc>Takes a screenshot of the current page and embeds it into a log file.</doc>
<msg timestamp="20211029 16:56:27.297" level="INFO" html="true">&lt;/td&gt;&lt;/tr&gt;&lt;tr&gt;&lt;td colspan="3"&gt;&lt;a href="selenium-screenshot-30.png"&gt;&lt;img src="selenium-screenshot-30.png" width="800px"&gt;&lt;/a&gt;</msg>
<status status="PASS" starttime="20211029 16:56:27.016" endtime="20211029 16:56:27.297"/>
</kw>
<status status="PASS" starttime="20211029 16:56:26.993" endtime="20211029 16:56:27.298"/>
</kw>
<kw name="E preencher &quot;Qa Qualidade&quot; no campo nome do titular" library="ResourceFluxoCadastro" sourcename="E preencher &quot;${N_TITULAR}&quot; no campo nome do titular">
<kw name="Wait Until Element Is Visible" library="SeleniumLibrary">
<arg>Xpath=//*[@id="root"]/div[1]/div/div[4]/div[1]/div[5]/div[1]/div/span</arg>
<doc>Waits until the element ``locator`` is visible.</doc>
<status status="PASS" starttime="20211029 16:56:27.298" endtime="20211029 16:56:27.328"/>
</kw>
<kw name="Click Element" library="SeleniumLibrary">
<arg>css:input.form-control[name="holder"]</arg>
<doc>Click the element identified by ``locator``.</doc>
<msg timestamp="20211029 16:56:27.329" level="INFO">Clicking element 'css:input.form-control[name="holder"]'.</msg>
<status status="PASS" starttime="20211029 16:56:27.328" endtime="20211029 16:56:27.412"/>
</kw>
<kw name="Input Text" library="SeleniumLibrary">
<arg>css:input.form-control[name="holder"]</arg>
<arg>${N_TITULAR}</arg>
<doc>Types the given ``text`` into the text field identified by ``locator``.</doc>
<msg timestamp="20211029 16:56:27.413" level="INFO">Typing text 'Qa Qualidade' into text field 'css:input.form-control[name="holder"]'.</msg>
<status status="PASS" starttime="20211029 16:56:27.413" endtime="20211029 16:56:27.584"/>
</kw>
<status status="PASS" starttime="20211029 16:56:27.298" endtime="20211029 16:56:27.584"/>
</kw>
<kw name="E preencher &quot;eder.estevan@floraenergia.com.br&quot; no campo e-mail do titular" library="ResourceFluxoCadastro" sourcename="E preencher &quot;${EMAIL_TITULAR}&quot; no campo e-mail do titular">
<kw name="Wait Until Element Is Visible" library="SeleniumLibrary">
<arg>Xpath=//*[@id="root"]/div[1]/div/div[4]/div[1]/div[5]/div[2]/div/span</arg>
<doc>Waits until the element ``locator`` is visible.</doc>
<status status="PASS" starttime="20211029 16:56:27.586" endtime="20211029 16:56:27.618"/>
</kw>
<kw name="Click Element" library="SeleniumLibrary">
<arg>css:input.form-control[name="email"]</arg>
<doc>Click the element identified by ``locator``.</doc>
<msg timestamp="20211029 16:56:27.619" level="INFO">Clicking element 'css:input.form-control[name="email"]'.</msg>
<status status="PASS" starttime="20211029 16:56:27.618" endtime="20211029 16:56:27.696"/>
</kw>
<kw name="Input Text" library="SeleniumLibrary">
<arg>css:input.form-control[name="email"]</arg>
<arg>${EMAIL_TITULAR}</arg>
<doc>Types the given ``text`` into the text field identified by ``locator``.</doc>
<msg timestamp="20211029 16:56:27.697" level="INFO">Typing text 'eder.estevan@floraenergia.com.br' into text field 'css:input.form-control[name="email"]'.</msg>
<status status="PASS" starttime="20211029 16:56:27.696" endtime="20211029 16:56:27.976"/>
</kw>
<status status="PASS" starttime="20211029 16:56:27.585" endtime="20211029 16:56:27.977"/>
</kw>
<kw name="E preencher &quot;23.792.917/0002-52&quot; no campo CPF/CNPJ" library="ResourceFluxoCadastro" sourcename="E preencher &quot;${CPF_CNPJ_TITULAR}&quot; no campo CPF/CNPJ">
<kw name="Wait Until Element Is Visible" library="SeleniumLibrary">
<arg>Xpath=//*[@id="root"]/div[1]/div/div[4]/div[1]/div[5]/div[3]/div/span</arg>
<doc>Waits until the element ``locator`` is visible.</doc>
<status status="PASS" starttime="20211029 16:56:27.978" endtime="20211029 16:56:28.014"/>
</kw>
<kw name="Click Element" library="SeleniumLibrary">
<arg>css:input.form-control[name="document"]</arg>
<doc>Click the element identified by ``locator``.</doc>
<msg timestamp="20211029 16:56:28.014" level="INFO">Clicking element 'css:input.form-control[name="document"]'.</msg>
<status status="PASS" starttime="20211029 16:56:28.014" endtime="20211029 16:56:28.085"/>
</kw>
<kw name="Input Text" library="SeleniumLibrary">
<arg>css:input.form-control[name="document"]</arg>
<arg>${CPF_CNPJ_TITULAR}</arg>
<doc>Types the given ``text`` into the text field identified by ``locator``.</doc>
<msg timestamp="20211029 16:56:28.086" level="INFO">Typing text '23.792.917/0002-52' into text field 'css:input.form-control[name="document"]'.</msg>
<status status="PASS" starttime="20211029 16:56:28.086" endtime="20211029 16:56:28.247"/>
</kw>
<status status="PASS" starttime="20211029 16:56:27.977" endtime="20211029 16:56:28.248"/>
</kw>
<kw name="Quando eu clicar no botão &quot;Enviar contrato&quot;" library="ResourceFluxoCadastro">
<kw name="Wait Until Element Is Visible" library="SeleniumLibrary">
<arg>Xpath=//*[@id="root"]/div[1]/div/div[4]/div[2]/div/button</arg>
<doc>Waits until the element ``locator`` is visible.</doc>
<kw name="Capture Page Screenshot" library="SeleniumLibrary">
<doc>Takes a screenshot of the current page and embeds it into a log file.</doc>
<msg timestamp="20211029 16:56:33.642" level="INFO" html="true">&lt;/td&gt;&lt;/tr&gt;&lt;tr&gt;&lt;td colspan="3"&gt;&lt;a href="selenium-screenshot-31.png"&gt;&lt;img src="selenium-screenshot-31.png" width="800px"&gt;&lt;/a&gt;</msg>
<status status="PASS" starttime="20211029 16:56:33.447" endtime="20211029 16:56:33.642"/>
</kw>
<msg timestamp="20211029 16:56:33.650" level="FAIL">Element 'Xpath=//*[@id="root"]/div[1]/div/div[4]/div[2]/div/button' not visible after 5 seconds.</msg>
<status status="FAIL" starttime="20211029 16:56:28.248" endtime="20211029 16:56:33.651"/>
</kw>
<kw name="Click Element" library="SeleniumLibrary">
<arg>Xpath=//*[@id="root"]/div[1]/div/div[4]/div[2]/div/button</arg>
<doc>Click the element identified by ``locator``.</doc>
<status status="NOT RUN" starttime="20211029 16:56:33.651" endtime="20211029 16:56:33.651"/>
</kw>
<kw name="Capture Page Screenshot" library="SeleniumLibrary">
<doc>Takes a screenshot of the current page and embeds it into a log file.</doc>
<status status="NOT RUN" starttime="20211029 16:56:33.651" endtime="20211029 16:56:33.651"/>
</kw>
<status status="FAIL" starttime="20211029 16:56:28.248" endtime="20211029 16:56:33.652"/>
</kw>
<kw name="Então seguir com o fluxo de cadastro e validar tela de &quot;Envio de contrato&quot;" library="ResourceFluxoCadastro">
<status status="NOT RUN" starttime="20211029 16:56:33.652" endtime="20211029 16:56:33.653"/>
</kw>
<tag>Page1_assinatura_caso1</tag>
<status status="FAIL" starttime="20211029 16:56:08.358" endtime="20211029 16:56:33.653">Element 'Xpath=//*[@id="root"]/div[1]/div/div[4]/div[2]/div/button' not visible after 5 seconds.</status>
</test>
<status status="FAIL" starttime="20211029 16:56:07.771" endtime="20211029 16:56:33.655"/>
</suite>
<status status="FAIL" starttime="20211029 16:56:07.753" endtime="20211029 16:56:33.658"/>
</suite>
<statistics>
<total>
<stat pass="0" fail="1" skip="0">All Tests</stat>
</total>
<tag>
<stat pass="0" fail="1" skip="0">Page1_assinatura_caso1</stat>
</tag>
<suite>
<stat pass="0" fail="1" skip="0" id="s1" name="Areausuario">Areausuario</stat>
<stat pass="0" fail="1" skip="0" id="s1-s1" name="FluxoCadastro">Areausuario.FluxoCadastro</stat>
</suite>
</statistics>
<errors>
</errors>
</robot>
